Copyright 1986-2019 Xilinx, Inc. All Rights Reserved.
-------------------------------------------------------------------------------------------------
| Tool Version              : Vivado v.2019.1 (win64) Build 2552052 Fri May 24 14:49:42 MDT 2019
| Date                      : Sun Mar  7 22:31:14 2021
| Host                      : qed running 64-bit major release  (build 9200)
| Command                   : report_io -file cw305_ecc_p256_pmul_top_io_placed.rpt
| Design                    : cw305_ecc_p256_pmul_top
| Device                    : xc7a100t
| Speed File                : -2
| Package                   : ftg256
| Package Version           : FINAL 2012-06-26
| Package Pin Delay Version : VERS. 2.0 2012-06-26
-------------------------------------------------------------------------------------------------

IO Information

Table of Contents
-----------------
1. Summary
2. IO Assignments by Package Pin

1. Summary
----------

+---------------+
| Total User IO |
+---------------+
|            46 |
+---------------+


2. IO Assignments by Package Pin
--------------------------------

+------------+--------------+------------+------------------------------+-------------+-------------+---------+------------+------+---------------------+----------------------+---------+------------+-----------+----------+------+------------------+--------------+-------------------+--------------+
| Pin Number | Signal Name  | Bank Type  | Pin Name                     | Use         | IO Standard | IO Bank | Drive (mA) | Slew | On-Chip Termination | Off-Chip Termination | Voltage | Constraint | Pull Type | DQS Bias | Vref | Signal Integrity | Pre Emphasis | Lvds Pre Emphasis | Equalization |
+------------+--------------+------------+------------------------------+-------------+-------------+---------+------------+------+---------------------+----------------------+---------+------------+-----------+----------+------+------------------+--------------+-------------------+--------------+
| A1         |              |            | GND                          | GND         |             |         |            |      |                     |                      |     0.0 |            |           |          |      |                  |              |                   |              |
| A2         |              | High Range | IO_L8N_T1_AD14N_35           | User IO     |             |      35 |            |      |                     |                      |         |            |           |          |      |                  |              |                   |              |
| A3         | usb_cen      | High Range | IO_L4N_T0_35                 | INPUT       | LVCMOS33    |      35 |            |      |                     |                 NONE |         | FIXED      |           |          |      | NONE             |              |                   |              |
| A4         | usb_rdn      | High Range | IO_L3N_T0_DQS_AD5N_35        | INPUT       | LVCMOS33    |      35 |            |      |                     |                 NONE |         | FIXED      |           |          |      | NONE             |              |                   |              |
| A5         | usb_trigger  | High Range | IO_L3P_T0_DQS_AD5P_35        | INPUT       | LVCMOS33    |      35 |            |      |                     |                 NONE |         | FIXED      |           |          |      | NONE             |              |                   |              |
| A6         |              | High Range | VCCO_35                      | VCCO        |             |      35 |            |      |                     |                      |    3.30 |            |           |          |      |                  |              |                   |              |
| A7         | usb_data[0]  | High Range | IO_L1N_T0_AD4N_35            | BIDIR       | LVCMOS33    |      35 |         12 | SLOW |                     |            FP_VTT_50 |         | FIXED      |           |          |      | NONE             |              |                   |              |
| A8         |              | High Range | IO_L2P_T0_AD8P_15            | User IO     |             |      15 |            |      |                     |                      |         |            |           |          |      |                  |              |                   |              |
| A9         |              | High Range | IO_L2N_T0_AD8N_15            | User IO     |             |      15 |            |      |                     |                      |         |            |           |          |      |                  |              |                   |              |
| A10        |              | High Range | IO_L3N_T0_DQS_AD1N_15        | User IO     |             |      15 |            |      |                     |                      |         |            |           |          |      |                  |              |                   |              |
| A11        |              |            | GND                          | GND         |             |         |            |      |                     |                      |     0.0 |            |           |          |      |                  |              |                   |              |
| A12        |              | High Range | IO_L5N_T0_AD9N_15            | User IO     |             |      15 |            |      |                     |                      |         |            |           |          |      |                  |              |                   |              |
| A13        |              | High Range | IO_L7P_T1_AD2P_15            | User IO     |             |      15 |            |      |                     |                      |         |            |           |          |      |                  |              |                   |              |
| A14        |              | High Range | IO_L7N_T1_AD2N_15            | User IO     |             |      15 |            |      |                     |                      |         |            |           |          |      |                  |              |                   |              |
| A15        |              | High Range | IO_L9N_T1_DQS_AD3N_15        | User IO     |             |      15 |            |      |                     |                      |         |            |           |          |      |                  |              |                   |              |
| A16        |              | High Range | VCCO_15                      | VCCO        |             |      15 |            |      |                     |                      |    3.30 |            |           |          |      |                  |              |                   |              |
| B1         |              | High Range | IO_L9N_T1_DQS_AD7N_35        | User IO     |             |      35 |            |      |                     |                      |         |            |           |          |      |                  |              |                   |              |
| B2         | usb_addr[15] | High Range | IO_L8P_T1_AD14P_35           | INPUT       | LVCMOS33    |      35 |            |      |                     |                 NONE |         | FIXED      |           |          |      | NONE             |              |                   |              |
| B3         |              | High Range | VCCO_35                      | VCCO        |             |      35 |            |      |                     |                      |    3.30 |            |           |          |      |                  |              |                   |              |
| B4         |              | High Range | IO_L4P_T0_35                 | User IO     |             |      35 |            |      |                     |                      |         |            |           |          |      |                  |              |                   |              |
| B5         | usb_data[5]  | High Range | IO_L2N_T0_AD12N_35           | BIDIR       | LVCMOS33    |      35 |         12 | SLOW |                     |            FP_VTT_50 |         | FIXED      |           |          |      | NONE             |              |                   |              |
| B6         | usb_data[1]  | High Range | IO_L2P_T0_AD12P_35           | BIDIR       | LVCMOS33    |      35 |         12 | SLOW |                     |            FP_VTT_50 |         | FIXED      |           |          |      | NONE             |              |                   |              |
| B7         |              | High Range | IO_L1P_T0_AD4P_35            | User IO     |             |      35 |            |      |                     |                      |         |            |           |          |      |                  |              |                   |              |
| B8         |              |            | GND                          | GND         |             |         |            |      |                     |                      |     0.0 |            |           |          |      |                  |              |                   |              |
| B9         |              | High Range | IO_L3P_T0_DQS_AD1P_15        | User IO     |             |      15 |            |      |                     |                      |         |            |           |          |      |                  |              |                   |              |
| B10        |              | High Range | IO_L4P_T0_15                 | User IO     |             |      15 |            |      |                     |                      |         |            |           |          |      |                  |              |                   |              |
| B11        |              | High Range | IO_L4N_T0_15                 | User IO     |             |      15 |            |      |                     |                      |         |            |           |          |      |                  |              |                   |              |
| B12        |              | High Range | IO_L5P_T0_AD9P_15            | User IO     |             |      15 |            |      |                     |                      |         |            |           |          |      |                  |              |                   |              |
| B13        |              | High Range | VCCO_15                      | VCCO        |             |      15 |            |      |                     |                      |    3.30 |            |           |          |      |                  |              |                   |              |
| B14        |              | High Range | IO_L8N_T1_AD10N_15           | User IO     |             |      15 |            |      |                     |                      |         |            |           |          |      |                  |              |                   |              |
| B15        |              | High Range | IO_L9P_T1_DQS_AD3P_15        | User IO     |             |      15 |            |      |                     |                      |         |            |           |          |      |                  |              |                   |              |
| B16        |              | High Range | IO_L10N_T1_AD11N_15          | User IO     |             |      15 |            |      |                     |                      |         |            |           |          |      |                  |              |                   |              |
| C1         | usb_addr[11] | High Range | IO_L9P_T1_DQS_AD7P_35        | INPUT       | LVCMOS33    |      35 |            |      |                     |                 NONE |         | FIXED      |           |          |      | NONE             |              |                   |              |
| C2         | usb_wrn      | High Range | IO_L7N_T1_AD6N_35            | INPUT       | LVCMOS33    |      35 |            |      |                     |                 NONE |         | FIXED      |           |          |      | NONE             |              |                   |              |
| C3         |              | High Range | IO_L7P_T1_AD6P_35            | User IO     |             |      35 |            |      |                     |                      |         |            |           |          |      |                  |              |                   |              |
| C4         | usb_addr[19] | High Range | IO_L12N_T1_MRCC_35           | INPUT       | LVCMOS33    |      35 |            |      |                     |                 NONE |         | FIXED      |           |          |      | NONE             |              |                   |              |
| C5         |              |            | GND                          | GND         |             |         |            |      |                     |                      |     0.0 |            |           |          |      |                  |              |                   |              |
| C6         | usb_addr[17] | High Range | IO_L5N_T0_AD13N_35           | INPUT       | LVCMOS33    |      35 |            |      |                     |                 NONE |         | FIXED      |           |          |      | NONE             |              |                   |              |
| C7         | usb_addr[16] | High Range | IO_L5P_T0_AD13P_35           | INPUT       | LVCMOS33    |      35 |            |      |                     |                 NONE |         | FIXED      |           |          |      | NONE             |              |                   |              |
| C8         |              | High Range | IO_L1P_T0_AD0P_15            | User IO     |             |      15 |            |      |                     |                      |         |            |           |          |      |                  |              |                   |              |
| C9         |              | High Range | IO_L1N_T0_AD0N_15            | User IO     |             |      15 |            |      |                     |                      |         |            |           |          |      |                  |              |                   |              |
| C10        |              | High Range | VCCO_15                      | VCCO        |             |      15 |            |      |                     |                      |    3.30 |            |           |          |      |                  |              |                   |              |
| C11        |              | High Range | IO_L11P_T1_SRCC_15           | User IO     |             |      15 |            |      |                     |                      |         |            |           |          |      |                  |              |                   |              |
| C12        |              | High Range | IO_L11N_T1_SRCC_15           | User IO     |             |      15 |            |      |                     |                      |         |            |           |          |      |                  |              |                   |              |
| C13        |              | High Range | IO_L12N_T1_MRCC_15           | User IO     |             |      15 |            |      |                     |                      |         |            |           |          |      |                  |              |                   |              |
| C14        |              | High Range | IO_L8P_T1_AD10P_15           | User IO     |             |      15 |            |      |                     |                      |         |            |           |          |      |                  |              |                   |              |
| C15        |              |            | GND                          | GND         |             |         |            |      |                     |                      |     0.0 |            |           |          |      |                  |              |                   |              |
| C16        |              | High Range | IO_L10P_T1_AD11P_15          | User IO     |             |      15 |            |      |                     |                      |         |            |           |          |      |                  |              |                   |              |
| D1         | usb_addr[10] | High Range | IO_L10N_T1_AD15N_35          | INPUT       | LVCMOS33    |      35 |            |      |                     |                 NONE |         | FIXED      |           |          |      | NONE             |              |                   |              |
| D2         |              |            | GND                          | GND         |             |         |            |      |                     |                      |     0.0 |            |           |          |      |                  |              |                   |              |
| D3         | usb_data[2]  | High Range | IO_L11N_T1_SRCC_35           | BIDIR       | LVCMOS33    |      35 |         12 | SLOW |                     |            FP_VTT_50 |         | FIXED      |           |          |      | NONE             |              |                   |              |
| D4         |              | High Range | IO_L12P_T1_MRCC_35           | User IO     |             |      35 |            |      |                     |                      |         |            |           |          |      |                  |              |                   |              |
| D5         | usb_addr[20] | High Range | IO_L6N_T0_VREF_35            | INPUT       | LVCMOS33    |      35 |            |      |                     |                 NONE |         | FIXED      |           |          |      | NONE             |              |                   |              |
| D6         | usb_addr[18] | High Range | IO_L6P_T0_35                 | INPUT       | LVCMOS33    |      35 |            |      |                     |                 NONE |         | FIXED      |           |          |      | NONE             |              |                   |              |
| D7         |              | High Range | VCCO_35                      | VCCO        |             |      35 |            |      |                     |                      |    3.30 |            |           |          |      |                  |              |                   |              |
| D8         |              | High Range | IO_L6P_T0_15                 | User IO     |             |      15 |            |      |                     |                      |         |            |           |          |      |                  |              |                   |              |
| D9         |              | High Range | IO_L6N_T0_VREF_15            | User IO     |             |      15 |            |      |                     |                      |         |            |           |          |      |                  |              |                   |              |
| D10        |              | High Range | IO_0_15                      | User IO     |             |      15 |            |      |                     |                      |         |            |           |          |      |                  |              |                   |              |
| D11        |              | High Range | IO_L14N_T2_SRCC_15           | User IO     |             |      15 |            |      |                     |                      |         |            |           |          |      |                  |              |                   |              |
| D12        |              |            | GND                          | GND         |             |         |            |      |                     |                      |     0.0 |            |           |          |      |                  |              |                   |              |
| D13        |              | High Range | IO_L12P_T1_MRCC_15           | User IO     |             |      15 |            |      |                     |                      |         |            |           |          |      |                  |              |                   |              |
| D14        |              | High Range | IO_L15P_T2_DQS_15            | User IO     |             |      15 |            |      |                     |                      |         |            |           |          |      |                  |              |                   |              |
| D15        |              | High Range | IO_L15N_T2_DQS_ADV_B_15      | User IO     |             |      15 |            |      |                     |                      |         |            |           |          |      |                  |              |                   |              |
| D16        |              | High Range | IO_L17N_T2_A25_15            | User IO     |             |      15 |            |      |                     |                      |         |            |           |          |      |                  |              |                   |              |
| E1         | usb_addr[8]  | High Range | IO_L15N_T2_DQS_35            | INPUT       | LVCMOS33    |      35 |            |      |                     |                 NONE |         | FIXED      |           |          |      | NONE             |              |                   |              |
| E2         | usb_addr[9]  | High Range | IO_L10P_T1_AD15P_35          | INPUT       | LVCMOS33    |      35 |            |      |                     |                 NONE |         | FIXED      |           |          |      | NONE             |              |                   |              |
| E3         | usb_data[3]  | High Range | IO_L11P_T1_SRCC_35           | BIDIR       | LVCMOS33    |      35 |         12 | SLOW |                     |            FP_VTT_50 |         | FIXED      |           |          |      | NONE             |              |                   |              |
| E4         |              | High Range | VCCO_35                      | VCCO        |             |      35 |            |      |                     |                      |    3.30 |            |           |          |      |                  |              |                   |              |
| E5         |              | High Range | IO_L13N_T2_MRCC_35           | User IO     |             |      35 |            |      |                     |                      |         |            |           |          |      |                  |              |                   |              |
| E6         |              | High Range | IO_0_35                      | User IO     |             |      35 |            |      |                     |                      |         |            |           |          |      |                  |              |                   |              |
| E7         |              | Dedicated  | CFGBVS_0                     | Config      |             |       0 |            |      |                     |                      |    3.30 |            |           |          |      |                  |              |                   |              |
| E8         |              | Dedicated  | CCLK_0                       | Config      |             |       0 |            |      |                     |                      |         |            |           |          |      |                  |              |                   |              |
| E9         |              |            | GND                          | GND         |             |         |            |      |                     |                      |     0.0 |            |           |          |      |                  |              |                   |              |
| E10        |              |            | VCCBRAM                      | VCCBRAM     |             |         |            |      |                     |                      |         |            |           |          |      |                  |              |                   |              |
| E11        |              | High Range | IO_L14P_T2_SRCC_15           | User IO     |             |      15 |            |      |                     |                      |         |            |           |          |      |                  |              |                   |              |
| E12        |              | High Range | IO_L13P_T2_MRCC_15           | User IO     |             |      15 |            |      |                     |                      |         |            |           |          |      |                  |              |                   |              |
| E13        |              | High Range | IO_L13N_T2_MRCC_15           | User IO     |             |      15 |            |      |                     |                      |         |            |           |          |      |                  |              |                   |              |
| E14        |              | High Range | VCCO_15                      | VCCO        |             |      15 |            |      |                     |                      |    3.30 |            |           |          |      |                  |              |                   |              |
| E15        |              | High Range | IO_L18N_T2_A23_15            | User IO     |             |      15 |            |      |                     |                      |         |            |           |          |      |                  |              |                   |              |
| E16        |              | High Range | IO_L17P_T2_A26_15            | User IO     |             |      15 |            |      |                     |                      |         |            |           |          |      |                  |              |                   |              |
| F1         |              | High Range | VCCO_35                      | VCCO        |             |      35 |            |      |                     |                      |    3.30 |            |           |          |      |                  |              |                   |              |
| F2         | usb_addr[7]  | High Range | IO_L15P_T2_DQS_35            | INPUT       | LVCMOS33    |      35 |            |      |                     |                 NONE |         | FIXED      |           |          |      | NONE             |              |                   |              |
| F3         | usb_data[4]  | High Range | IO_L14N_T2_SRCC_35           | BIDIR       | LVCMOS33    |      35 |         12 | SLOW |                     |            FP_VTT_50 |         | FIXED      |           |          |      | NONE             |              |                   |              |
| F4         | usb_addr[0]  | High Range | IO_L14P_T2_SRCC_35           | INPUT       | LVCMOS33    |      35 |            |      |                     |                 NONE |         | FIXED      |           |          |      | NONE             |              |                   |              |
| F5         | usb_clk      | High Range | IO_L13P_T2_MRCC_35           | INPUT       | LVCMOS33    |      35 |            |      |                     |                 NONE |         | FIXED      |           |          |      | NONE             |              |                   |              |
| F6         |              |            | GND                          | GND         |             |         |            |      |                     |                      |     0.0 |            |           |          |      |                  |              |                   |              |
| F7         |              |            | VCCINT                       | VCCINT      |             |         |            |      |                     |                      |         |            |           |          |      |                  |              |                   |              |
| F8         |              | Dedicated  | VCCBATT_0                    | Config      |             |       0 |            |      |                     |                      |         |            |           |          |      |                  |              |                   |              |
| F9         |              |            | VCCINT                       | VCCINT      |             |         |            |      |                     |                      |         |            |           |          |      |                  |              |                   |              |
| F10        |              |            | GND                          | GND         |             |         |            |      |                     |                      |     0.0 |            |           |          |      |                  |              |                   |              |
| F11        |              |            | VCCBRAM                      | VCCBRAM     |             |         |            |      |                     |                      |         |            |           |          |      |                  |              |                   |              |
| F12        |              | High Range | IO_L16P_T2_A28_15            | User IO     |             |      15 |            |      |                     |                      |         |            |           |          |      |                  |              |                   |              |
| F13        |              | High Range | IO_L16N_T2_A27_15            | User IO     |             |      15 |            |      |                     |                      |         |            |           |          |      |                  |              |                   |              |
| F14        |              | High Range | IO_L21N_T3_DQS_A18_15        | User IO     |             |      15 |            |      |                     |                      |         |            |           |          |      |                  |              |                   |              |
| F15        |              | High Range | IO_L18P_T2_A24_15            | User IO     |             |      15 |            |      |                     |                      |         |            |           |          |      |                  |              |                   |              |
| F16        |              |            | GND                          | GND         |             |         |            |      |                     |                      |     0.0 |            |           |          |      |                  |              |                   |              |
| G1         | usb_addr[5]  | High Range | IO_L17N_T2_35                | INPUT       | LVCMOS33    |      35 |            |      |                     |                 NONE |         | FIXED      |           |          |      | NONE             |              |                   |              |
| G2         | usb_addr[6]  | High Range | IO_L17P_T2_35                | INPUT       | LVCMOS33    |      35 |            |      |                     |                 NONE |         | FIXED      |           |          |      | NONE             |              |                   |              |
| G3         |              |            | GND                          | GND         |             |         |            |      |                     |                      |     0.0 |            |           |          |      |                  |              |                   |              |
| G4         |              | High Range | IO_L16N_T2_35                | User IO     |             |      35 |            |      |                     |                      |         |            |           |          |      |                  |              |                   |              |
| G5         | usb_addr[1]  | High Range | IO_L16P_T2_35                | INPUT       | LVCMOS33    |      35 |            |      |                     |                 NONE |         | FIXED      |           |          |      | NONE             |              |                   |              |
| G6         |              |            | VCCINT                       | VCCINT      |             |         |            |      |                     |                      |         |            |           |          |      |                  |              |                   |              |
| G7         |              | Dedicated  | GNDADC_0                     | XADC        |             |       0 |            |      |                     |                      |         |            |           |          |      |                  |              |                   |              |
| G8         |              | Dedicated  | VCCADC_0                     | XADC        |             |       0 |            |      |                     |                      |         |            |           |          |      |                  |              |                   |              |
| G9         |              |            | GND                          | GND         |             |         |            |      |                     |                      |     0.0 |            |           |          |      |                  |              |                   |              |
| G10        |              |            | VCCAUX                       | VCCAUX      |             |         |            |      |                     |                      |    1.80 |            |           |          |      |                  |              |                   |              |
| G11        |              | High Range | IO_25_15                     | User IO     |             |      15 |            |      |                     |                      |         |            |           |          |      |                  |              |                   |              |
| G12        |              | High Range | IO_L19N_T3_A21_VREF_15       | User IO     |             |      15 |            |      |                     |                      |         |            |           |          |      |                  |              |                   |              |
| G13        |              |            | GND                          | GND         |             |         |            |      |                     |                      |     0.0 |            |           |          |      |                  |              |                   |              |
| G14        |              | High Range | IO_L21P_T3_DQS_15            | User IO     |             |      15 |            |      |                     |                      |         |            |           |          |      |                  |              |                   |              |
| G15        |              | High Range | IO_L24N_T3_RS0_15            | User IO     |             |      15 |            |      |                     |                      |         |            |           |          |      |                  |              |                   |              |
| G16        |              | High Range | IO_L22N_T3_A16_15            | User IO     |             |      15 |            |      |                     |                      |         |            |           |          |      |                  |              |                   |              |
| H1         | usb_addr[3]  | High Range | IO_L20N_T3_35                | INPUT       | LVCMOS33    |      35 |            |      |                     |                 NONE |         | FIXED      |           |          |      | NONE             |              |                   |              |
| H2         | usb_addr[4]  | High Range | IO_L20P_T3_35                | INPUT       | LVCMOS33    |      35 |            |      |                     |                 NONE |         | FIXED      |           |          |      | NONE             |              |                   |              |
| H3         |              | High Range | IO_L21N_T3_DQS_35            | User IO     |             |      35 |            |      |                     |                      |         |            |           |          |      |                  |              |                   |              |
| H4         |              | High Range | IO_L18N_T2_35                | User IO     |             |      35 |            |      |                     |                      |         |            |           |          |      |                  |              |                   |              |
| H5         |              | High Range | IO_L18P_T2_35                | User IO     |             |      35 |            |      |                     |                      |         |            |           |          |      |                  |              |                   |              |
| H6         |              |            | GND                          | GND         |             |         |            |      |                     |                      |     0.0 |            |           |          |      |                  |              |                   |              |
| H7         |              | Dedicated  | VREFN_0                      | XADC        |             |       0 |            |      |                     |                      |         |            |           |          |      |                  |              |                   |              |
| H8         |              | Dedicated  | VP_0                         | XADC        |             |       0 |            |      |                     |                      |         |            |           |          |      |                  |              |                   |              |
| H9         |              |            | VCCINT                       | VCCINT      |             |         |            |      |                     |                      |         |            |           |          |      |                  |              |                   |              |
| H10        |              | Dedicated  | DONE_0                       | Config      |             |       0 |            |      |                     |                      |         |            |           |          |      |                  |              |                   |              |
| H11        |              | High Range | IO_L19P_T3_A22_15            | User IO     |             |      15 |            |      |                     |                      |         |            |           |          |      |                  |              |                   |              |
| H12        |              | High Range | IO_L20P_T3_A20_15            | User IO     |             |      15 |            |      |                     |                      |         |            |           |          |      |                  |              |                   |              |
| H13        |              | High Range | IO_L20N_T3_A19_15            | User IO     |             |      15 |            |      |                     |                      |         |            |           |          |      |                  |              |                   |              |
| H14        |              | High Range | IO_L24P_T3_RS1_15            | User IO     |             |      15 |            |      |                     |                      |         |            |           |          |      |                  |              |                   |              |
| H15        |              | High Range | VCCO_15                      | VCCO        |             |      15 |            |      |                     |                      |    3.30 |            |           |          |      |                  |              |                   |              |
| H16        |              | High Range | IO_L22P_T3_A17_15            | User IO     |             |      15 |            |      |                     |                      |         |            |           |          |      |                  |              |                   |              |
| J1         | usb_addr[2]  | High Range | IO_L22N_T3_35                | INPUT       | LVCMOS33    |      35 |            |      |                     |                 NONE |         | FIXED      |           |          |      | NONE             |              |                   |              |
| J2         |              | High Range | VCCO_35                      | VCCO        |             |      35 |            |      |                     |                      |    3.30 |            |           |          |      |                  |              |                   |              |
| J3         | usb_addr[14] | High Range | IO_L21P_T3_DQS_35            | INPUT       | LVCMOS33    |      35 |            |      |                     |                 NONE |         | FIXED      |           |          |      | NONE             |              |                   |              |
| J4         |              | High Range | IO_L19N_T3_VREF_35           | User IO     |             |      35 |            |      |                     |                      |         |            |           |          |      |                  |              |                   |              |
| J5         |              | High Range | IO_L19P_T3_35                | User IO     |             |      35 |            |      |                     |                      |         |            |           |          |      |                  |              |                   |              |
| J6         |              |            | VCCINT                       | VCCINT      |             |         |            |      |                     |                      |         |            |           |          |      |                  |              |                   |              |
| J7         |              | Dedicated  | VN_0                         | XADC        |             |       0 |            |      |                     |                      |         |            |           |          |      |                  |              |                   |              |
| J8         |              | Dedicated  | VREFP_0                      | XADC        |             |       0 |            |      |                     |                      |         |            |           |          |      |                  |              |                   |              |
| J9         |              |            | GND                          | GND         |             |         |            |      |                     |                      |     0.0 |            |           |          |      |                  |              |                   |              |
| J10        |              |            | VCCAUX                       | VCCAUX      |             |         |            |      |                     |                      |    1.80 |            |           |          |      |                  |              |                   |              |
| J11        |              |            | GND                          | GND         |             |         |            |      |                     |                      |     0.0 |            |           |          |      |                  |              |                   |              |
| J12        |              | High Range | VCCO_15                      | VCCO        |             |      15 |            |      |                     |                      |    3.30 |            |           |          |      |                  |              |                   |              |
| J13        |              | High Range | IO_L1P_T0_D00_MOSI_14        | User IO     |             |      14 |            |      |                     |                      |         |            |           |          |      |                  |              |                   |              |
| J14        |              | High Range | IO_L1N_T0_D01_DIN_14         | User IO     |             |      14 |            |      |                     |                      |         |            |           |          |      |                  |              |                   |              |
| J15        |              | High Range | IO_L23P_T3_FOE_B_15          | User IO     |             |      15 |            |      |                     |                      |         |            |           |          |      |                  |              |                   |              |
| J16        | j16_sel      | High Range | IO_L23N_T3_FWE_B_15          | INPUT       | LVCMOS33    |      15 |            |      |                     |                 NONE |         | FIXED      |           |          |      | NONE             |              |                   |              |
| K1         | usb_data[6]  | High Range | IO_L22P_T3_35                | BIDIR       | LVCMOS33    |      35 |         12 | SLOW |                     |            FP_VTT_50 |         | FIXED      |           |          |      | NONE             |              |                   |              |
| K2         | usb_data[7]  | High Range | IO_L24N_T3_35                | BIDIR       | LVCMOS33    |      35 |         12 | SLOW |                     |            FP_VTT_50 |         | FIXED      |           |          |      | NONE             |              |                   |              |
| K3         | usb_addr[12] | High Range | IO_L24P_T3_35                | INPUT       | LVCMOS33    |      35 |            |      |                     |                 NONE |         | FIXED      |           |          |      | NONE             |              |                   |              |
| K4         |              |            | GND                          | GND         |             |         |            |      |                     |                      |     0.0 |            |           |          |      |                  |              |                   |              |
| K5         |              | High Range | IO_25_35                     | User IO     |             |      35 |            |      |                     |                      |         |            |           |          |      |                  |              |                   |              |
| K6         |              |            | GND                          | GND         |             |         |            |      |                     |                      |     0.0 |            |           |          |      |                  |              |                   |              |
| K7         |              | Dedicated  | DXN_0                        | Temp Sensor |             |       0 |            |      |                     |                      |         |            |           |          |      |                  |              |                   |              |
| K8         |              | Dedicated  | DXP_0                        | Temp Sensor |             |       0 |            |      |                     |                      |         |            |           |          |      |                  |              |                   |              |
| K9         |              |            | VCCINT                       | VCCINT      |             |         |            |      |                     |                      |         |            |           |          |      |                  |              |                   |              |
| K10        |              | Dedicated  | INIT_B_0                     | Config      |             |       0 |            |      |                     |                      |         |            |           |          |      |                  |              |                   |              |
| K11        |              |            | VCCAUX                       | VCCAUX      |             |         |            |      |                     |                      |    1.80 |            |           |          |      |                  |              |                   |              |
| K12        |              | High Range | IO_0_14                      | User IO     |             |      14 |            |      |                     |                      |         |            |           |          |      |                  |              |                   |              |
| K13        |              | High Range | IO_L5P_T0_D06_14             | User IO     |             |      14 |            |      |                     |                      |         |            |           |          |      |                  |              |                   |              |
| K14        |              |            | GND                          | GND         |             |         |            |      |                     |                      |     0.0 |            |           |          |      |                  |              |                   |              |
| K15        | k15_sel      | High Range | IO_L2P_T0_D02_14             | INPUT       | LVCMOS33    |      14 |            |      |                     |                 NONE |         | FIXED      |           |          |      | NONE             |              |                   |              |
| K16        | k16_sel      | High Range | IO_L2N_T0_D03_14             | INPUT       | LVCMOS33    |      14 |            |      |                     |                 NONE |         | FIXED      |           |          |      | NONE             |              |                   |              |
| L1         |              |            | GND                          | GND         |             |         |            |      |                     |                      |     0.0 |            |           |          |      |                  |              |                   |              |
| L2         | usb_addr[13] | High Range | IO_L23N_T3_35                | INPUT       | LVCMOS33    |      35 |            |      |                     |                 NONE |         | FIXED      |           |          |      | NONE             |              |                   |              |
| L3         |              | High Range | IO_L23P_T3_35                | User IO     |             |      35 |            |      |                     |                      |         |            |           |          |      |                  |              |                   |              |
| L4         |              | High Range | IO_L1P_T0_34                 | User IO     |             |      34 |            |      |                     |                      |         |            |           |          |      |                  |              |                   |              |
| L5         |              | High Range | IO_0_34                      | User IO     |             |      34 |            |      |                     |                      |         |            |           |          |      |                  |              |                   |              |
| L6         |              | Dedicated  | VCCO_0                       | VCCO        |             |       0 |            |      |                     |                      |    3.30 |            |           |          |      |                  |              |                   |              |
| L7         |              | Dedicated  | TCK_0                        | Config      |             |       0 |            |      |                     |                      |         |            |           |          |      |                  |              |                   |              |
| L8         |              |            | VCCINT                       | VCCINT      |             |         |            |      |                     |                      |         |            |           |          |      |                  |              |                   |              |
| L9         |              | Dedicated  | PROGRAM_B_0                  | Config      |             |       0 |            |      |                     |                      |         |            |           |          |      |                  |              |                   |              |
| L10        |              |            | VCCAUX                       | VCCAUX      |             |         |            |      |                     |                      |    1.80 |            |           |          |      |                  |              |                   |              |
| L11        |              |            | GND                          | GND         |             |         |            |      |                     |                      |     0.0 |            |           |          |      |                  |              |                   |              |
| L12        |              | High Range | IO_L6P_T0_FCS_B_14           | User IO     |             |      14 |            |      |                     |                      |         |            |           |          |      |                  |              |                   |              |
| L13        |              | High Range | IO_L5N_T0_D07_14             | User IO     |             |      14 |            |      |                     |                      |         |            |           |          |      |                  |              |                   |              |
| L14        | l14_sel      | High Range | IO_L4P_T0_D04_14             | INPUT       | LVCMOS33    |      14 |            |      |                     |                 NONE |         | FIXED      |           |          |      | NONE             |              |                   |              |
| L15        |              | High Range | IO_L3P_T0_DQS_PUDC_B_14      | User IO     |             |      14 |            |      |                     |                      |         |            |           |          |      |                  |              |                   |              |
| L16        |              | High Range | VCCO_14                      | VCCO        |             |      14 |            |      |                     |                      |    3.30 |            |           |          |      |                  |              |                   |              |
| M1         |              | High Range | IO_L2N_T0_34                 | User IO     |             |      34 |            |      |                     |                      |         |            |           |          |      |                  |              |                   |              |
| M2         |              | High Range | IO_L2P_T0_34                 | User IO     |             |      34 |            |      |                     |                      |         |            |           |          |      |                  |              |                   |              |
| M3         |              | High Range | VCCO_34                      | VCCO        |             |      34 |            |      |                     |                      |    3.30 |            |           |          |      |                  |              |                   |              |
| M4         |              | High Range | IO_L1N_T0_34                 | User IO     |             |      34 |            |      |                     |                      |         |            |           |          |      |                  |              |                   |              |
| M5         |              | High Range | IO_L6P_T0_34                 | User IO     |             |      34 |            |      |                     |                      |         |            |           |          |      |                  |              |                   |              |
| M6         |              | High Range | IO_L19P_T3_A10_D26_14        | User IO     |             |      14 |            |      |                     |                      |         |            |           |          |      |                  |              |                   |              |
| M7         |              | Dedicated  | TMS_0                        | Config      |             |       0 |            |      |                     |                      |         |            |           |          |      |                  |              |                   |              |
| M8         |              |            | GND                          | GND         |             |         |            |      |                     |                      |     0.0 |            |           |          |      |                  |              |                   |              |
| M9         |              | Dedicated  | M0_0                         | Config      |             |       0 |            |      |                     |                      |         |            |           |          |      |                  |              |                   |              |
| M10        |              | Dedicated  | M1_0                         | Config      |             |       0 |            |      |                     |                      |         |            |           |          |      |                  |              |                   |              |
| M11        |              | Dedicated  | M2_0                         | Config      |             |       0 |            |      |                     |                      |         |            |           |          |      |                  |              |                   |              |
| M12        |              | High Range | IO_L6N_T0_D08_VREF_14        | User IO     |             |      14 |            |      |                     |                      |         |            |           |          |      |                  |              |                   |              |
| M13        |              | High Range | VCCO_14                      | VCCO        |             |      14 |            |      |                     |                      |    3.30 |            |           |          |      |                  |              |                   |              |
| M14        |              | High Range | IO_L4N_T0_D05_14             | User IO     |             |      14 |            |      |                     |                      |         |            |           |          |      |                  |              |                   |              |
| M15        |              | High Range | IO_L3N_T0_DQS_EMCCLK_14      | User IO     |             |      14 |            |      |                     |                      |         |            |           |          |      |                  |              |                   |              |
| M16        | tio_clkout   | High Range | IO_L7P_T1_D09_14             | OUTPUT      | LVCMOS33    |      14 |         12 | SLOW |                     |            FP_VTT_50 |         | FIXED      |           |          |      | NONE             |              |                   |              |
| N1         |              | High Range | IO_L4P_T0_34                 | User IO     |             |      34 |            |      |                     |                      |         |            |           |          |      |                  |              |                   |              |
| N2         |              | High Range | IO_L3N_T0_DQS_34             | User IO     |             |      34 |            |      |                     |                      |         |            |           |          |      |                  |              |                   |              |
| N3         |              | High Range | IO_L3P_T0_DQS_34             | User IO     |             |      34 |            |      |                     |                      |         |            |           |          |      |                  |              |                   |              |
| N4         |              | High Range | IO_L6N_T0_VREF_34            | User IO     |             |      34 |            |      |                     |                      |         |            |           |          |      |                  |              |                   |              |
| N5         |              |            | GND                          | GND         |             |         |            |      |                     |                      |     0.0 |            |           |          |      |                  |              |                   |              |
| N6         |              | High Range | IO_L19N_T3_A09_D25_VREF_14   | User IO     |             |      14 |            |      |                     |                      |         |            |           |          |      |                  |              |                   |              |
| N7         |              | Dedicated  | TDI_0                        | Config      |             |       0 |            |      |                     |                      |         |            |           |          |      |                  |              |                   |              |
| N8         |              | Dedicated  | TDO_0                        | Config      |             |       0 |            |      |                     |                      |         |            |           |          |      |                  |              |                   |              |
| N9         |              | High Range | IO_L18P_T2_A12_D28_14        | User IO     |             |      14 |            |      |                     |                      |         |            |           |          |      |                  |              |                   |              |
| N10        |              | High Range | VCCO_14                      | VCCO        |             |      14 |            |      |                     |                      |    3.30 |            |           |          |      |                  |              |                   |              |
| N11        |              | High Range | IO_L13P_T2_MRCC_14           | User IO     |             |      14 |            |      |                     |                      |         |            |           |          |      |                  |              |                   |              |
| N12        |              | High Range | IO_L13N_T2_MRCC_14           | User IO     |             |      14 |            |      |                     |                      |         |            |           |          |      |                  |              |                   |              |
| N13        | pll_clk1     | High Range | IO_L11P_T1_SRCC_14           | INPUT       | LVCMOS33    |      14 |            |      |                     |                 NONE |         | FIXED      |           |          |      | NONE             |              |                   |              |
| N14        | tio_clkin    | High Range | IO_L12P_T1_MRCC_14           | INPUT       | LVCMOS33    |      14 |            |      |                     |                 NONE |         | FIXED      |           |          |      | NONE             |              |                   |              |
| N15        |              |            | GND                          | GND         |             |         |            |      |                     |                      |     0.0 |            |           |          |      |                  |              |                   |              |
| N16        |              | High Range | IO_L7N_T1_D10_14             | User IO     |             |      14 |            |      |                     |                      |         |            |           |          |      |                  |              |                   |              |
| P1         |              | High Range | IO_L4N_T0_34                 | User IO     |             |      34 |            |      |                     |                      |         |            |           |          |      |                  |              |                   |              |
| P2         |              |            | GND                          | GND         |             |         |            |      |                     |                      |     0.0 |            |           |          |      |                  |              |                   |              |
| P3         |              | High Range | IO_L5N_T0_34                 | User IO     |             |      34 |            |      |                     |                      |         |            |           |          |      |                  |              |                   |              |
| P4         |              | High Range | IO_L5P_T0_34                 | User IO     |             |      34 |            |      |                     |                      |         |            |           |          |      |                  |              |                   |              |
| P5         |              | High Range | IO_L10P_T1_34                | User IO     |             |      34 |            |      |                     |                      |         |            |           |          |      |                  |              |                   |              |
| P6         |              | High Range | IO_25_14                     | User IO     |             |      14 |            |      |                     |                      |         |            |           |          |      |                  |              |                   |              |
| P7         |              | High Range | VCCO_14                      | VCCO        |             |      14 |            |      |                     |                      |    3.30 |            |           |          |      |                  |              |                   |              |
| P8         |              | High Range | IO_L20P_T3_A08_D24_14        | User IO     |             |      14 |            |      |                     |                      |         |            |           |          |      |                  |              |                   |              |
| P9         |              | High Range | IO_L18N_T2_A11_D27_14        | User IO     |             |      14 |            |      |                     |                      |         |            |           |          |      |                  |              |                   |              |
| P10        |              | High Range | IO_L14P_T2_SRCC_14           | User IO     |             |      14 |            |      |                     |                      |         |            |           |          |      |                  |              |                   |              |
| P11        |              | High Range | IO_L14N_T2_SRCC_14           | User IO     |             |      14 |            |      |                     |                      |         |            |           |          |      |                  |              |                   |              |
| P12        |              |            | GND                          | GND         |             |         |            |      |                     |                      |     0.0 |            |           |          |      |                  |              |                   |              |
| P13        |              | High Range | IO_L11N_T1_SRCC_14           | User IO     |             |      14 |            |      |                     |                      |         |            |           |          |      |                  |              |                   |              |
| P14        |              | High Range | IO_L12N_T1_MRCC_14           | User IO     |             |      14 |            |      |                     |                      |         |            |           |          |      |                  |              |                   |              |
| P15        |              | High Range | IO_L8P_T1_D11_14             | User IO     |             |      14 |            |      |                     |                      |         |            |           |          |      |                  |              |                   |              |
| P16        |              | High Range | IO_L8N_T1_D12_14             | User IO     |             |      14 |            |      |                     |                      |         |            |           |          |      |                  |              |                   |              |
| R1         | pushbutton   | High Range | IO_L7N_T1_34                 | INPUT       | LVCMOS33    |      34 |            |      |                     |                 NONE |         | FIXED      |           |          |      | NONE             |              |                   |              |
| R2         |              | High Range | IO_L7P_T1_34                 | User IO     |             |      34 |            |      |                     |                      |         |            |           |          |      |                  |              |                   |              |
| R3         |              | High Range | IO_L8P_T1_34                 | User IO     |             |      34 |            |      |                     |                      |         |            |           |          |      |                  |              |                   |              |
| R4         |              | High Range | VCCO_34                      | VCCO        |             |      34 |            |      |                     |                      |    3.30 |            |           |          |      |                  |              |                   |              |
| R5         |              | High Range | IO_L23P_T3_A03_D19_14        | User IO     |             |      14 |            |      |                     |                      |         |            |           |          |      |                  |              |                   |              |
| R6         |              | High Range | IO_L24P_T3_A01_D17_14        | User IO     |             |      14 |            |      |                     |                      |         |            |           |          |      |                  |              |                   |              |
| R7         |              | High Range | IO_L24N_T3_A00_D16_14        | User IO     |             |      14 |            |      |                     |                      |         |            |           |          |      |                  |              |                   |              |
| R8         |              | High Range | IO_L20N_T3_A07_D23_14        | User IO     |             |      14 |            |      |                     |                      |         |            |           |          |      |                  |              |                   |              |
| R9         |              |            | GND                          | GND         |             |         |            |      |                     |                      |     0.0 |            |           |          |      |                  |              |                   |              |
| R10        |              | High Range | IO_L17P_T2_A14_D30_14        | User IO     |             |      14 |            |      |                     |                      |         |            |           |          |      |                  |              |                   |              |
| R11        |              | High Range | IO_L17N_T2_A13_D29_14        | User IO     |             |      14 |            |      |                     |                      |         |            |           |          |      |                  |              |                   |              |
| R12        |              | High Range | IO_L15P_T2_DQS_RDWR_B_14     | User IO     |             |      14 |            |      |                     |                      |         |            |           |          |      |                  |              |                   |              |
| R13        |              | High Range | IO_L16P_T2_CSI_B_14          | User IO     |             |      14 |            |      |                     |                      |         |            |           |          |      |                  |              |                   |              |
| R14        |              | High Range | VCCO_14                      | VCCO        |             |      14 |            |      |                     |                      |    3.30 |            |           |          |      |                  |              |                   |              |
| R15        |              | High Range | IO_L9P_T1_DQS_14             | User IO     |             |      14 |            |      |                     |                      |         |            |           |          |      |                  |              |                   |              |
| R16        |              | High Range | IO_L9N_T1_DQS_D13_14         | User IO     |             |      14 |            |      |                     |                      |         |            |           |          |      |                  |              |                   |              |
| T1         |              | High Range | VCCO_34                      | VCCO        |             |      34 |            |      |                     |                      |    3.30 |            |           |          |      |                  |              |                   |              |
| T2         | led1         | High Range | IO_L8N_T1_34                 | OUTPUT      | LVCMOS33    |      34 |          8 | SLOW |                     |                 NONE |         | FIXED      |           |          |      | NONE             |              |                   |              |
| T3         | led2         | High Range | IO_L9N_T1_DQS_34             | OUTPUT      | LVCMOS33    |      34 |          8 | SLOW |                     |                 NONE |         | FIXED      |           |          |      | NONE             |              |                   |              |
| T4         | led3         | High Range | IO_L9P_T1_DQS_34             | OUTPUT      | LVCMOS33    |      34 |          8 | SLOW |                     |                 NONE |         | FIXED      |           |          |      | NONE             |              |                   |              |
| T5         |              | High Range | IO_L23N_T3_A02_D18_14        | User IO     |             |      14 |            |      |                     |                      |         |            |           |          |      |                  |              |                   |              |
| T6         |              |            | GND                          | GND         |             |         |            |      |                     |                      |     0.0 |            |           |          |      |                  |              |                   |              |
| T7         |              | High Range | IO_L21P_T3_DQS_14            | User IO     |             |      14 |            |      |                     |                      |         |            |           |          |      |                  |              |                   |              |
| T8         |              | High Range | IO_L21N_T3_DQS_A06_D22_14    | User IO     |             |      14 |            |      |                     |                      |         |            |           |          |      |                  |              |                   |              |
| T9         |              | High Range | IO_L22P_T3_A05_D21_14        | User IO     |             |      14 |            |      |                     |                      |         |            |           |          |      |                  |              |                   |              |
| T10        |              | High Range | IO_L22N_T3_A04_D20_14        | User IO     |             |      14 |            |      |                     |                      |         |            |           |          |      |                  |              |                   |              |
| T11        |              | High Range | VCCO_14                      | VCCO        |             |      14 |            |      |                     |                      |    3.30 |            |           |          |      |                  |              |                   |              |
| T12        |              | High Range | IO_L15N_T2_DQS_DOUT_CSO_B_14 | User IO     |             |      14 |            |      |                     |                      |         |            |           |          |      |                  |              |                   |              |
| T13        |              | High Range | IO_L16N_T2_A15_D31_14        | User IO     |             |      14 |            |      |                     |                      |         |            |           |          |      |                  |              |                   |              |
| T14        | tio_trigger  | High Range | IO_L10P_T1_D14_14            | OUTPUT      | LVCMOS33    |      14 |         12 | SLOW |                     |            FP_VTT_50 |         | FIXED      |           |          |      | NONE             |              |                   |              |
| T15        |              | High Range | IO_L10N_T1_D15_14            | User IO     |             |      14 |            |      |                     |                      |         |            |           |          |      |                  |              |                   |              |
| T16        |              |            | GND                          | GND         |             |         |            |      |                     |                      |     0.0 |            |           |          |      |                  |              |                   |              |
+------------+--------------+------------+------------------------------+-------------+-------------+---------+------------+------+---------------------+----------------------+---------+------------+-----------+----------+------+------------------+--------------+-------------------+--------------+
* Default value


