
*** Running vivado
    with args -log cw305_top.vdi -applog -m64 -product Vivado -messageDb vivado.pb -mode batch -source cw305_top.tcl -notrace


****** Vivado v2019.1 (64-bit)
  **** SW Build 2552052 on Fri May 24 14:49:42 MDT 2019
  **** IP Build 2548770 on Fri May 24 18:01:18 MDT 2019
    ** Copyright 1986-2019 Xilinx, Inc. All Rights Reserved.

source cw305_top.tcl -notrace
INFO: [IP_Flow 19-234] Refreshing IP repositories
WARNING: [IP_Flow 19-2248] Failed to load user IP repository 'x:/vivado/Arm_ipi_repository'; Can't find the specified path.
If this directory should no longer be in your list of user repositories, go to the IP Settings dialog and remove it.
INFO: [IP_Flow 19-2313] Loaded Vivado IP repository 'C:/Xilinx/Vivado/2019.1/data/ip'.
Command: link_design -top cw305_top -part xc7a100tftg256-2
Design is defaulting to srcset: sources_1
Design is defaulting to constrset: constrs_1
INFO: [Device 21-403] Loading part xc7a100tftg256-2
INFO: [Project 1-454] Reading design checkpoint 'y:/fpga/vivado_examples/sam3u_feedthrough/sam3u_feedthrough.srcs/sources_1/ip/ila_0/ila_0.dcp' for cell 'U_ila'
INFO: [Netlist 29-17] Analyzing 154 Unisim elements for replacement
INFO: [Netlist 29-28] Unisim Transformation completed in 0 CPU seconds
INFO: [Project 1-479] Netlist was created with Vivado 2019.1
INFO: [Project 1-570] Preparing netlist for logic optimization
INFO: [Chipscope 16-324] Core: U_ila UUID: bf88d12c-110c-511a-8138-54252538a0f5 
Parsing XDC File [y:/fpga/vivado_examples/sam3u_feedthrough/sam3u_feedthrough.srcs/sources_1/ip/ila_0/ila_v6_2/constraints/ila_impl.xdc] for cell 'U_ila/inst'
Finished Parsing XDC File [y:/fpga/vivado_examples/sam3u_feedthrough/sam3u_feedthrough.srcs/sources_1/ip/ila_0/ila_v6_2/constraints/ila_impl.xdc] for cell 'U_ila/inst'
Parsing XDC File [y:/fpga/vivado_examples/sam3u_feedthrough/sam3u_feedthrough.srcs/sources_1/ip/ila_0/ila_v6_2/constraints/ila.xdc] for cell 'U_ila/inst'
Finished Parsing XDC File [y:/fpga/vivado_examples/sam3u_feedthrough/sam3u_feedthrough.srcs/sources_1/ip/ila_0/ila_v6_2/constraints/ila.xdc] for cell 'U_ila/inst'
Parsing XDC File [Y:/fpga/vivado_examples/sam3u_feedthrough/cw305_main.xdc]
Finished Parsing XDC File [Y:/fpga/vivado_examples/sam3u_feedthrough/cw305_main.xdc]
INFO: [Opt 31-138] Pushed 0 inverter(s) to 0 load pin(s).
Netlist sorting complete. Time (s): cpu = 00:00:00 ; elapsed = 00:00:00.002 . Memory (MB): peak = 753.977 ; gain = 0.000
INFO: [Project 1-111] Unisim Transformation Summary:
  A total of 76 instances were transformed.
  CFGLUT5 => CFGLUT5 (SRLC32E, SRL16E): 60 instances
  IOBUF => IOBUF (IBUF, OBUFT): 16 instances

11 Infos, 1 Warnings, 0 Critical Warnings and 0 Errors encountered.
link_design completed successfully
link_design: Time (s): cpu = 00:00:08 ; elapsed = 00:00:09 . Memory (MB): peak = 753.977 ; gain = 424.797
INFO: [Common 17-600] The following parameters have non-default value.
tcl.collectionResultDisplayLimit
Command: opt_design
Attempting to get a license for feature 'Implementation' and/or device 'xc7a100t'
INFO: [Common 17-349] Got license for feature 'Implementation' and/or device 'xc7a100t'
Running DRC as a precondition to command opt_design

Starting DRC Task
INFO: [DRC 23-27] Running DRC with 2 threads
INFO: [Project 1-461] DRC finished with 0 Errors
INFO: [Project 1-462] Please refer to the DRC report (report_drc) for more information.

Time (s): cpu = 00:00:01 ; elapsed = 00:00:00.777 . Memory (MB): peak = 773.988 ; gain = 20.012

Starting Cache Timing Information Task
INFO: [Timing 38-35] Done setting XDC timing constraints.
Ending Cache Timing Information Task | Checksum: 1117479fa

Time (s): cpu = 00:00:10 ; elapsed = 00:00:10 . Memory (MB): peak = 1327.910 ; gain = 553.922

Starting Logic Optimization Task

Phase 1 Generate And Synthesize Debug Cores
INFO: [Chipscope 16-329] Generating Script for core instance : dbg_hub 
INFO: [IP_Flow 19-3806] Processing IP xilinx.com:ip:xsdbm:3.0 for cell dbg_hub_CV.
INFO: [Chipscope 16-220] Re-using generated and synthesized IP, "xilinx.com:ip:xsdbm:3.0", from Vivado IP cache entry "4727c94e096bdd4c".
Netlist sorting complete. Time (s): cpu = 00:00:00 ; elapsed = 00:00:00.030 . Memory (MB): peak = 1509.441 ; gain = 0.000
Phase 1 Generate And Synthesize Debug Cores | Checksum: 1ff72ec5c

Time (s): cpu = 00:00:01 ; elapsed = 00:00:14 . Memory (MB): peak = 1509.441 ; gain = 38.352

Phase 2 Retarget
INFO: [Opt 31-138] Pushed 0 inverter(s) to 0 load pin(s).
INFO: [Opt 31-49] Retargeted 0 cell(s).
Phase 2 Retarget | Checksum: 1464ed073

Time (s): cpu = 00:00:01 ; elapsed = 00:00:14 . Memory (MB): peak = 1509.441 ; gain = 38.352
INFO: [Opt 31-389] Phase Retarget created 4 cells and removed 12 cells
INFO: [Opt 31-1021] In phase Retarget, 87 netlist objects are constrained preventing optimization. Please run opt_design with -debug_log to get more detail. 

Phase 3 Constant propagation
INFO: [Opt 31-138] Pushed 0 inverter(s) to 0 load pin(s).
Phase 3 Constant propagation | Checksum: 12b589b72

Time (s): cpu = 00:00:01 ; elapsed = 00:00:14 . Memory (MB): peak = 1509.441 ; gain = 38.352
INFO: [Opt 31-389] Phase Constant propagation created 0 cells and removed 16 cells
INFO: [Opt 31-1021] In phase Constant propagation, 51 netlist objects are constrained preventing optimization. Please run opt_design with -debug_log to get more detail. 

Phase 4 Sweep
Phase 4 Sweep | Checksum: 1add54c3f

Time (s): cpu = 00:00:02 ; elapsed = 00:00:14 . Memory (MB): peak = 1509.441 ; gain = 38.352
INFO: [Opt 31-389] Phase Sweep created 0 cells and removed 40 cells
INFO: [Opt 31-1021] In phase Sweep, 891 netlist objects are constrained preventing optimization. Please run opt_design with -debug_log to get more detail. 

Phase 5 BUFG optimization
Phase 5 BUFG optimization | Checksum: 1add54c3f

Time (s): cpu = 00:00:02 ; elapsed = 00:00:14 . Memory (MB): peak = 1509.441 ; gain = 38.352
INFO: [Opt 31-662] Phase BUFG optimization created 0 cells of which 0 are BUFGs and removed 0 cells.

Phase 6 Shift Register Optimization
INFO: [Opt 31-1064] SRL Remap converted 0 SRLs to 0 registers and converted 0 registers of register chains to 0 SRLs
Phase 6 Shift Register Optimization | Checksum: 1add54c3f

Time (s): cpu = 00:00:02 ; elapsed = 00:00:14 . Memory (MB): peak = 1509.441 ; gain = 38.352
INFO: [Opt 31-389] Phase Shift Register Optimization created 0 cells and removed 0 cells

Phase 7 Post Processing Netlist
Phase 7 Post Processing Netlist | Checksum: 1add54c3f

Time (s): cpu = 00:00:02 ; elapsed = 00:00:14 . Memory (MB): peak = 1509.441 ; gain = 38.352
INFO: [Opt 31-389] Phase Post Processing Netlist created 0 cells and removed 0 cells
INFO: [Opt 31-1021] In phase Post Processing Netlist, 57 netlist objects are constrained preventing optimization. Please run opt_design with -debug_log to get more detail. 
Opt_design Change Summary
=========================


-------------------------------------------------------------------------------------------------------------------------
|  Phase                        |  #Cells created  |  #Cells Removed  |  #Constrained objects preventing optimizations  |
-------------------------------------------------------------------------------------------------------------------------
|  Retarget                     |               4  |              12  |                                             87  |
|  Constant propagation         |               0  |              16  |                                             51  |
|  Sweep                        |               0  |              40  |                                            891  |
|  BUFG optimization            |               0  |               0  |                                              0  |
|  Shift Register Optimization  |               0  |               0  |                                              0  |
|  Post Processing Netlist      |               0  |               0  |                                             57  |
-------------------------------------------------------------------------------------------------------------------------



Starting Connectivity Check Task

Time (s): cpu = 00:00:00 ; elapsed = 00:00:00.007 . Memory (MB): peak = 1509.441 ; gain = 0.000
Ending Logic Optimization Task | Checksum: 230526a99

Time (s): cpu = 00:00:02 ; elapsed = 00:00:15 . Memory (MB): peak = 1509.441 ; gain = 38.352

Starting Power Optimization Task
INFO: [Pwropt 34-132] Skipping clock gating for clocks with a period < 2.00 ns.
INFO: [Timing 38-35] Done setting XDC timing constraints.
INFO: [Pwropt 34-9] Applying IDT optimizations ...
INFO: [Pwropt 34-10] Applying ODC optimizations ...
INFO: [Physopt 32-619] Estimated Timing Summary | WNS=4.800 | TNS=0.000 |
Running Vector-less Activity Propagation...

Finished Running Vector-less Activity Propagation


Starting PowerOpt Patch Enables Task
INFO: [Pwropt 34-162] WRITE_MODE attribute of 0 BRAM(s) out of a total of 6 has been updated to save power. Run report_power_opt to get a complete listing of the BRAMs updated.
INFO: [Pwropt 34-201] Structural ODC has moved 0 WE to EN ports
Number of BRAM Ports augmented: 10 newly gated: 0 Total Ports: 12
Ending PowerOpt Patch Enables Task | Checksum: 1aba1e6e8

Time (s): cpu = 00:00:00 ; elapsed = 00:00:00.063 . Memory (MB): peak = 1685.148 ; gain = 0.000
Ending Power Optimization Task | Checksum: 1aba1e6e8

Time (s): cpu = 00:00:03 ; elapsed = 00:00:02 . Memory (MB): peak = 1685.148 ; gain = 175.707

Starting Final Cleanup Task
Ending Final Cleanup Task | Checksum: 1aba1e6e8

Time (s): cpu = 00:00:00 ; elapsed = 00:00:00.001 . Memory (MB): peak = 1685.148 ; gain = 0.000

Starting Netlist Obfuscation Task
Netlist sorting complete. Time (s): cpu = 00:00:00 ; elapsed = 00:00:00.005 . Memory (MB): peak = 1685.148 ; gain = 0.000
Ending Netlist Obfuscation Task | Checksum: 19a8e02f7

Time (s): cpu = 00:00:00 ; elapsed = 00:00:00.005 . Memory (MB): peak = 1685.148 ; gain = 0.000
INFO: [Common 17-83] Releasing license: Implementation
45 Infos, 1 Warnings, 0 Critical Warnings and 0 Errors encountered.
opt_design completed successfully
opt_design: Time (s): cpu = 00:00:18 ; elapsed = 00:00:29 . Memory (MB): peak = 1685.148 ; gain = 931.172
INFO: [Common 17-600] The following parameters have non-default value.
tcl.collectionResultDisplayLimit
Netlist sorting complete. Time (s): cpu = 00:00:00 ; elapsed = 00:00:00.003 . Memory (MB): peak = 1685.148 ; gain = 0.000
INFO: [Timing 38-480] Writing timing data to binary archive.
Writing placer database...
Writing XDEF routing.
Writing XDEF routing logical nets.
Writing XDEF routing special nets.
Write XDEF Complete: Time (s): cpu = 00:00:00 ; elapsed = 00:00:00.053 . Memory (MB): peak = 1685.148 ; gain = 0.000
INFO: [Common 17-1381] The checkpoint 'Y:/fpga/vivado_examples/sam3u_feedthrough/sam3u_feedthrough.runs/impl_1/cw305_top_opt.dcp' has been generated.
INFO: [runtcl-4] Executing : report_drc -file cw305_top_drc_opted.rpt -pb cw305_top_drc_opted.pb -rpx cw305_top_drc_opted.rpx
Command: report_drc -file cw305_top_drc_opted.rpt -pb cw305_top_drc_opted.pb -rpx cw305_top_drc_opted.rpx
INFO: [IP_Flow 19-1839] IP Catalog is up to date.
INFO: [DRC 23-27] Running DRC with 2 threads
INFO: [Coretcl 2-168] The results of DRC are in file Y:/fpga/vivado_examples/sam3u_feedthrough/sam3u_feedthrough.runs/impl_1/cw305_top_drc_opted.rpt.
report_drc completed successfully
INFO: [Chipscope 16-240] Debug cores have already been implemented
Command: place_design
Attempting to get a license for feature 'Implementation' and/or device 'xc7a100t'
INFO: [Common 17-349] Got license for feature 'Implementation' and/or device 'xc7a100t'
INFO: [DRC 23-27] Running DRC with 2 threads
INFO: [Vivado_Tcl 4-198] DRC finished with 0 Errors
INFO: [Vivado_Tcl 4-199] Please refer to the DRC report (report_drc) for more information.
Running DRC as a precondition to command place_design
INFO: [DRC 23-27] Running DRC with 2 threads
INFO: [Vivado_Tcl 4-198] DRC finished with 0 Errors
INFO: [Vivado_Tcl 4-199] Please refer to the DRC report (report_drc) for more information.

Starting Placer Task
INFO: [Place 30-611] Multithreading enabled for place_design using a maximum of 2 CPUs

Phase 1 Placer Initialization

Phase 1.1 Placer Initialization Netlist Sorting
Netlist sorting complete. Time (s): cpu = 00:00:00 ; elapsed = 00:00:00.003 . Memory (MB): peak = 1685.148 ; gain = 0.000
Phase 1.1 Placer Initialization Netlist Sorting | Checksum: 13bd45afb

Time (s): cpu = 00:00:00 ; elapsed = 00:00:00.019 . Memory (MB): peak = 1685.148 ; gain = 0.000
Netlist sorting complete. Time (s): cpu = 00:00:00 ; elapsed = 00:00:00.003 . Memory (MB): peak = 1685.148 ; gain = 0.000

Phase 1.2 IO Placement/ Clock Placement/ Build Placer Device
INFO: [Timing 38-35] Done setting XDC timing constraints.
Phase 1.2 IO Placement/ Clock Placement/ Build Placer Device | Checksum: 16ecdc82f

Time (s): cpu = 00:00:01 ; elapsed = 00:00:01 . Memory (MB): peak = 1685.148 ; gain = 0.000

Phase 1.3 Build Placer Netlist Model
Phase 1.3 Build Placer Netlist Model | Checksum: 1887f6301

Time (s): cpu = 00:00:03 ; elapsed = 00:00:02 . Memory (MB): peak = 1685.148 ; gain = 0.000

Phase 1.4 Constrain Clocks/Macros
Phase 1.4 Constrain Clocks/Macros | Checksum: 1887f6301

Time (s): cpu = 00:00:03 ; elapsed = 00:00:02 . Memory (MB): peak = 1685.148 ; gain = 0.000
Phase 1 Placer Initialization | Checksum: 1887f6301

Time (s): cpu = 00:00:03 ; elapsed = 00:00:02 . Memory (MB): peak = 1685.148 ; gain = 0.000

Phase 2 Global Placement

Phase 2.1 Floorplanning
Phase 2.1 Floorplanning | Checksum: 1884b9a99

Time (s): cpu = 00:00:03 ; elapsed = 00:00:03 . Memory (MB): peak = 1685.148 ; gain = 0.000

Phase 2.2 Global Placement Core

Phase 2.2.1 Physical Synthesis In Placer
INFO: [Physopt 32-65] No nets found for high-fanout optimization.
INFO: [Physopt 32-232] Optimized 0 net. Created 0 new instance.
INFO: [Physopt 32-775] End 1 Pass. Optimized 0 net or cell. Created 0 new cell, deleted 0 existing cell and moved 0 existing cell
INFO: [Physopt 32-670] No setup violation found.  DSP Register Optimization was not performed.
INFO: [Physopt 32-670] No setup violation found.  Shift Register Optimization was not performed.
INFO: [Physopt 32-670] No setup violation found.  BRAM Register Optimization was not performed.
INFO: [Physopt 32-949] No candidate nets found for HD net replication
INFO: [Physopt 32-775] End 1 Pass. Optimized 0 net or cell. Created 0 new cell, deleted 0 existing cell and moved 0 existing cell
Netlist sorting complete. Time (s): cpu = 00:00:00 ; elapsed = 00:00:00.007 . Memory (MB): peak = 1685.148 ; gain = 0.000

Summary of Physical Synthesis Optimizations
============================================


----------------------------------------------------------------------------------------------------------------------------------------
|  Optimization                  |  Added Cells  |  Removed Cells  |  Optimized Cells/Nets  |  Dont Touch  |  Iterations  |  Elapsed   |
----------------------------------------------------------------------------------------------------------------------------------------
|  Very High Fanout              |            0  |              0  |                     0  |           0  |           1  |  00:00:00  |
|  DSP Register                  |            0  |              0  |                     0  |           0  |           0  |  00:00:00  |
|  Shift Register                |            0  |              0  |                     0  |           0  |           0  |  00:00:00  |
|  BRAM Register                 |            0  |              0  |                     0  |           0  |           0  |  00:00:00  |
|  HD Interface Net Replication  |            0  |              0  |                     0  |           0  |           1  |  00:00:00  |
|  Total                         |            0  |              0  |                     0  |           0  |           2  |  00:00:00  |
----------------------------------------------------------------------------------------------------------------------------------------


Phase 2.2.1 Physical Synthesis In Placer | Checksum: 10441b1f6

Time (s): cpu = 00:00:10 ; elapsed = 00:00:06 . Memory (MB): peak = 1685.148 ; gain = 0.000
Phase 2.2 Global Placement Core | Checksum: 14d09eee5

Time (s): cpu = 00:00:10 ; elapsed = 00:00:06 . Memory (MB): peak = 1685.148 ; gain = 0.000
Phase 2 Global Placement | Checksum: 14d09eee5

Time (s): cpu = 00:00:10 ; elapsed = 00:00:06 . Memory (MB): peak = 1685.148 ; gain = 0.000

Phase 3 Detail Placement

Phase 3.1 Commit Multi Column Macros
Phase 3.1 Commit Multi Column Macros | Checksum: f24fc274

Time (s): cpu = 00:00:11 ; elapsed = 00:00:06 . Memory (MB): peak = 1685.148 ; gain = 0.000

Phase 3.2 Commit Most Macros & LUTRAMs
Phase 3.2 Commit Most Macros & LUTRAMs | Checksum: 1c9d3f2d7

Time (s): cpu = 00:00:11 ; elapsed = 00:00:07 . Memory (MB): peak = 1685.148 ; gain = 0.000

Phase 3.3 Area Swap Optimization
Phase 3.3 Area Swap Optimization | Checksum: 1803eaa70

Time (s): cpu = 00:00:11 ; elapsed = 00:00:07 . Memory (MB): peak = 1685.148 ; gain = 0.000

Phase 3.4 Pipeline Register Optimization
Phase 3.4 Pipeline Register Optimization | Checksum: 118687b9a

Time (s): cpu = 00:00:11 ; elapsed = 00:00:07 . Memory (MB): peak = 1685.148 ; gain = 0.000

Phase 3.5 Small Shape Detail Placement
Phase 3.5 Small Shape Detail Placement | Checksum: 177cca2f1

Time (s): cpu = 00:00:12 ; elapsed = 00:00:08 . Memory (MB): peak = 1685.148 ; gain = 0.000

Phase 3.6 Re-assign LUT pins
Phase 3.6 Re-assign LUT pins | Checksum: 1bc5f4d22

Time (s): cpu = 00:00:13 ; elapsed = 00:00:08 . Memory (MB): peak = 1685.148 ; gain = 0.000

Phase 3.7 Pipeline Register Optimization
Phase 3.7 Pipeline Register Optimization | Checksum: 23e721d64

Time (s): cpu = 00:00:13 ; elapsed = 00:00:08 . Memory (MB): peak = 1685.148 ; gain = 0.000
Phase 3 Detail Placement | Checksum: 23e721d64

Time (s): cpu = 00:00:13 ; elapsed = 00:00:08 . Memory (MB): peak = 1685.148 ; gain = 0.000

Phase 4 Post Placement Optimization and Clean-Up

Phase 4.1 Post Commit Optimization
INFO: [Timing 38-35] Done setting XDC timing constraints.

Phase 4.1.1 Post Placement Optimization
Post Placement Optimization Initialization | Checksum: 1e21b7b0a

Phase 4.1.1.1 BUFG Insertion
INFO: [Place 46-56] BUFG insertion identified 0 candidate nets. Inserted BUFG: 0, Replicated BUFG Driver: 0, Skipped due to Placement/Routing Conflicts: 0, Skipped due to Timing Degradation: 0, Skipped due to Illegal Netlist: 0.
Phase 4.1.1.1 BUFG Insertion | Checksum: 1e21b7b0a

Time (s): cpu = 00:00:14 ; elapsed = 00:00:09 . Memory (MB): peak = 1685.148 ; gain = 0.000
INFO: [Place 30-746] Post Placement Timing Summary WNS=4.259. For the most accurate timing information please run report_timing.
Phase 4.1.1 Post Placement Optimization | Checksum: 15a6e13c0

Time (s): cpu = 00:00:14 ; elapsed = 00:00:09 . Memory (MB): peak = 1685.148 ; gain = 0.000
Phase 4.1 Post Commit Optimization | Checksum: 15a6e13c0

Time (s): cpu = 00:00:14 ; elapsed = 00:00:09 . Memory (MB): peak = 1685.148 ; gain = 0.000

Phase 4.2 Post Placement Cleanup
Phase 4.2 Post Placement Cleanup | Checksum: 15a6e13c0

Time (s): cpu = 00:00:14 ; elapsed = 00:00:09 . Memory (MB): peak = 1685.148 ; gain = 0.000

Phase 4.3 Placer Reporting
Phase 4.3 Placer Reporting | Checksum: 15a6e13c0

Time (s): cpu = 00:00:14 ; elapsed = 00:00:09 . Memory (MB): peak = 1685.148 ; gain = 0.000

Phase 4.4 Final Placement Cleanup
Netlist sorting complete. Time (s): cpu = 00:00:00 ; elapsed = 00:00:00.005 . Memory (MB): peak = 1685.148 ; gain = 0.000
Phase 4.4 Final Placement Cleanup | Checksum: 1660d20a5

Time (s): cpu = 00:00:14 ; elapsed = 00:00:09 . Memory (MB): peak = 1685.148 ; gain = 0.000
Phase 4 Post Placement Optimization and Clean-Up | Checksum: 1660d20a5

Time (s): cpu = 00:00:14 ; elapsed = 00:00:09 . Memory (MB): peak = 1685.148 ; gain = 0.000
Ending Placer Task | Checksum: 165d9e9ef

Time (s): cpu = 00:00:14 ; elapsed = 00:00:09 . Memory (MB): peak = 1685.148 ; gain = 0.000
INFO: [Common 17-83] Releasing license: Implementation
74 Infos, 1 Warnings, 0 Critical Warnings and 0 Errors encountered.
place_design completed successfully
place_design: Time (s): cpu = 00:00:16 ; elapsed = 00:00:10 . Memory (MB): peak = 1685.148 ; gain = 0.000
Netlist sorting complete. Time (s): cpu = 00:00:00 ; elapsed = 00:00:00.003 . Memory (MB): peak = 1685.148 ; gain = 0.000
INFO: [Timing 38-480] Writing timing data to binary archive.
Writing placer database...
Writing XDEF routing.
Writing XDEF routing logical nets.
Writing XDEF routing special nets.
Write XDEF Complete: Time (s): cpu = 00:00:02 ; elapsed = 00:00:00.412 . Memory (MB): peak = 1685.148 ; gain = 0.000
INFO: [Common 17-1381] The checkpoint 'Y:/fpga/vivado_examples/sam3u_feedthrough/sam3u_feedthrough.runs/impl_1/cw305_top_placed.dcp' has been generated.
INFO: [runtcl-4] Executing : report_io -file cw305_top_io_placed.rpt
report_io: Time (s): cpu = 00:00:00 ; elapsed = 00:00:00.072 . Memory (MB): peak = 1685.148 ; gain = 0.000
INFO: [runtcl-4] Executing : report_utilization -file cw305_top_utilization_placed.rpt -pb cw305_top_utilization_placed.pb
INFO: [runtcl-4] Executing : report_control_sets -verbose -file cw305_top_control_sets_placed.rpt
report_control_sets: Time (s): cpu = 00:00:01 ; elapsed = 00:00:00.113 . Memory (MB): peak = 1685.148 ; gain = 0.000
Command: route_design
Attempting to get a license for feature 'Implementation' and/or device 'xc7a100t'
INFO: [Common 17-349] Got license for feature 'Implementation' and/or device 'xc7a100t'
Running DRC as a precondition to command route_design
INFO: [DRC 23-27] Running DRC with 2 threads
INFO: [Vivado_Tcl 4-198] DRC finished with 0 Errors
INFO: [Vivado_Tcl 4-199] Please refer to the DRC report (report_drc) for more information.


Starting Routing Task
INFO: [Route 35-254] Multithreading enabled for route_design using a maximum of 2 CPUs
Checksum: PlaceDB: e70d3528 ConstDB: 0 ShapeSum: 7eccb4c7 RouteDB: 0

Phase 1 Build RT Design
Phase 1 Build RT Design | Checksum: 2a20739f

Time (s): cpu = 00:00:35 ; elapsed = 00:00:31 . Memory (MB): peak = 1685.148 ; gain = 0.000
Post Restoration Checksum: NetGraph: 15543678 NumContArr: 14cc3d27 Constraints: 0 Timing: 0

Phase 2 Router Initialization

Phase 2.1 Create Timer
Phase 2.1 Create Timer | Checksum: 2a20739f

Time (s): cpu = 00:00:35 ; elapsed = 00:00:31 . Memory (MB): peak = 1685.148 ; gain = 0.000

Phase 2.2 Fix Topology Constraints
Phase 2.2 Fix Topology Constraints | Checksum: 2a20739f

Time (s): cpu = 00:00:35 ; elapsed = 00:00:31 . Memory (MB): peak = 1685.148 ; gain = 0.000

Phase 2.3 Pre Route Cleanup
Phase 2.3 Pre Route Cleanup | Checksum: 2a20739f

Time (s): cpu = 00:00:35 ; elapsed = 00:00:31 . Memory (MB): peak = 1685.148 ; gain = 0.000
 Number of Nodes with overlaps = 0

Phase 2.4 Update Timing
Phase 2.4 Update Timing | Checksum: d84c20ef

Time (s): cpu = 00:00:37 ; elapsed = 00:00:32 . Memory (MB): peak = 1699.629 ; gain = 14.480
INFO: [Route 35-416] Intermediate Timing Summary | WNS=4.453  | TNS=0.000  | WHS=-2.130 | THS=-150.443|


Phase 2.5 Update Timing for Bus Skew

Phase 2.5.1 Update Timing
Phase 2.5.1 Update Timing | Checksum: 7aea559d

Time (s): cpu = 00:00:38 ; elapsed = 00:00:32 . Memory (MB): peak = 1699.629 ; gain = 14.480
INFO: [Route 35-416] Intermediate Timing Summary | WNS=4.453  | TNS=0.000  | WHS=N/A    | THS=N/A    |

Phase 2.5 Update Timing for Bus Skew | Checksum: a54600ac

Time (s): cpu = 00:00:38 ; elapsed = 00:00:32 . Memory (MB): peak = 1710.926 ; gain = 25.777
Phase 2 Router Initialization | Checksum: 11b04ca68

Time (s): cpu = 00:00:38 ; elapsed = 00:00:32 . Memory (MB): peak = 1710.926 ; gain = 25.777

Router Utilization Summary
  Global Vertical Routing Utilization    = 0 %
  Global Horizontal Routing Utilization  = 0 %
  Routable Net Status*
  *Does not include unroutable nets such as driverless and loadless.
  Run report_route_status for detailed report.
  Number of Failed Nets               = 3155
    (Failed Nets is the sum of unrouted and partially routed nets)
  Number of Unrouted Nets             = 3155
  Number of Partially Routed Nets     = 0
  Number of Node Overlaps             = 0


Phase 3 Initial Routing
Phase 3 Initial Routing | Checksum: c5ef6787

Time (s): cpu = 00:00:39 ; elapsed = 00:00:33 . Memory (MB): peak = 1710.926 ; gain = 25.777
INFO: [Route 35-580] Design has 1 pins with tight setup and hold constraints.

The top 5 pins with tight setup and hold constraints:

+--------------------------+--------------------------+----------------------------------------------------------------------------------------------------------+
|       Launch Clock       |      Capture Clock       |                                                 Pin                                                      |
+--------------------------+--------------------------+----------------------------------------------------------------------------------------------------------+
|                  usb_clk |                tio_clkin |                                                                                    U_clocks/CWOUT_ODDR/CE|
+--------------------------+--------------------------+----------------------------------------------------------------------------------------------------------+

File with complete list of pins: tight_setup_hold_pins.txt


Phase 4 Rip-up And Reroute

Phase 4.1 Global Iteration 0
 Number of Nodes with overlaps = 271
 Number of Nodes with overlaps = 3
 Number of Nodes with overlaps = 0
INFO: [Route 35-416] Intermediate Timing Summary | WNS=2.501  | TNS=0.000  | WHS=N/A    | THS=N/A    |

Phase 4.1 Global Iteration 0 | Checksum: 17466f07e

Time (s): cpu = 00:00:41 ; elapsed = 00:00:35 . Memory (MB): peak = 1711.621 ; gain = 26.473
Phase 4 Rip-up And Reroute | Checksum: 17466f07e

Time (s): cpu = 00:00:41 ; elapsed = 00:00:35 . Memory (MB): peak = 1711.621 ; gain = 26.473

Phase 5 Delay and Skew Optimization

Phase 5.1 Delay CleanUp
Phase 5.1 Delay CleanUp | Checksum: 17466f07e

Time (s): cpu = 00:00:41 ; elapsed = 00:00:35 . Memory (MB): peak = 1711.621 ; gain = 26.473

Phase 5.2 Clock Skew Optimization
Phase 5.2 Clock Skew Optimization | Checksum: 17466f07e

Time (s): cpu = 00:00:41 ; elapsed = 00:00:35 . Memory (MB): peak = 1711.621 ; gain = 26.473
Phase 5 Delay and Skew Optimization | Checksum: 17466f07e

Time (s): cpu = 00:00:41 ; elapsed = 00:00:35 . Memory (MB): peak = 1711.621 ; gain = 26.473

Phase 6 Post Hold Fix

Phase 6.1 Hold Fix Iter

Phase 6.1.1 Update Timing
Phase 6.1.1 Update Timing | Checksum: 1d16efbbe

Time (s): cpu = 00:00:41 ; elapsed = 00:00:35 . Memory (MB): peak = 1711.621 ; gain = 26.473
INFO: [Route 35-416] Intermediate Timing Summary | WNS=2.501  | TNS=0.000  | WHS=0.079  | THS=0.000  |

Phase 6.1 Hold Fix Iter | Checksum: 121ef553d

Time (s): cpu = 00:00:41 ; elapsed = 00:00:35 . Memory (MB): peak = 1711.621 ; gain = 26.473
Phase 6 Post Hold Fix | Checksum: 121ef553d

Time (s): cpu = 00:00:42 ; elapsed = 00:00:35 . Memory (MB): peak = 1711.621 ; gain = 26.473

Phase 7 Route finalize

Router Utilization Summary
  Global Vertical Routing Utilization    = 0.405014 %
  Global Horizontal Routing Utilization  = 0.522876 %
  Routable Net Status*
  *Does not include unroutable nets such as driverless and loadless.
  Run report_route_status for detailed report.
  Number of Failed Nets               = 0
    (Failed Nets is the sum of unrouted and partially routed nets)
  Number of Unrouted Nets             = 0
  Number of Partially Routed Nets     = 0
  Number of Node Overlaps             = 0

Phase 7 Route finalize | Checksum: 147f822ff

Time (s): cpu = 00:00:42 ; elapsed = 00:00:35 . Memory (MB): peak = 1711.621 ; gain = 26.473

Phase 8 Verifying routed nets

 Verification completed successfully
Phase 8 Verifying routed nets | Checksum: 147f822ff

Time (s): cpu = 00:00:42 ; elapsed = 00:00:35 . Memory (MB): peak = 1711.621 ; gain = 26.473

Phase 9 Depositing Routes
Phase 9 Depositing Routes | Checksum: 118ad0675

Time (s): cpu = 00:00:42 ; elapsed = 00:00:36 . Memory (MB): peak = 1711.621 ; gain = 26.473

Phase 10 Post Router Timing
INFO: [Route 35-57] Estimated Timing Summary | WNS=2.501  | TNS=0.000  | WHS=0.079  | THS=0.000  |

INFO: [Route 35-327] The final timing numbers are based on the router estimated timing analysis. For a complete and accurate timing signoff, please run report_timing_summary.
Phase 10 Post Router Timing | Checksum: 118ad0675

Time (s): cpu = 00:00:42 ; elapsed = 00:00:36 . Memory (MB): peak = 1711.621 ; gain = 26.473
INFO: [Route 35-16] Router Completed Successfully

Time (s): cpu = 00:00:42 ; elapsed = 00:00:36 . Memory (MB): peak = 1711.621 ; gain = 26.473

Routing Is Done.
INFO: [Common 17-83] Releasing license: Implementation
93 Infos, 1 Warnings, 0 Critical Warnings and 0 Errors encountered.
route_design completed successfully
route_design: Time (s): cpu = 00:00:43 ; elapsed = 00:00:37 . Memory (MB): peak = 1711.621 ; gain = 26.473
Netlist sorting complete. Time (s): cpu = 00:00:00 ; elapsed = 00:00:00.004 . Memory (MB): peak = 1711.621 ; gain = 0.000
INFO: [Timing 38-480] Writing timing data to binary archive.
Writing placer database...
Writing XDEF routing.
Writing XDEF routing logical nets.
Writing XDEF routing special nets.
Write XDEF Complete: Time (s): cpu = 00:00:02 ; elapsed = 00:00:00.480 . Memory (MB): peak = 1711.621 ; gain = 0.000
INFO: [Common 17-1381] The checkpoint 'Y:/fpga/vivado_examples/sam3u_feedthrough/sam3u_feedthrough.runs/impl_1/cw305_top_routed.dcp' has been generated.
INFO: [runtcl-4] Executing : report_drc -file cw305_top_drc_routed.rpt -pb cw305_top_drc_routed.pb -rpx cw305_top_drc_routed.rpx
Command: report_drc -file cw305_top_drc_routed.rpt -pb cw305_top_drc_routed.pb -rpx cw305_top_drc_routed.rpx
INFO: [IP_Flow 19-1839] IP Catalog is up to date.
INFO: [DRC 23-27] Running DRC with 2 threads
INFO: [Coretcl 2-168] The results of DRC are in file Y:/fpga/vivado_examples/sam3u_feedthrough/sam3u_feedthrough.runs/impl_1/cw305_top_drc_routed.rpt.
report_drc completed successfully
INFO: [runtcl-4] Executing : report_methodology -file cw305_top_methodology_drc_routed.rpt -pb cw305_top_methodology_drc_routed.pb -rpx cw305_top_methodology_drc_routed.rpx
Command: report_methodology -file cw305_top_methodology_drc_routed.rpt -pb cw305_top_methodology_drc_routed.pb -rpx cw305_top_methodology_drc_routed.rpx
INFO: [Timing 38-35] Done setting XDC timing constraints.
INFO: [DRC 23-133] Running Methodology with 2 threads
INFO: [Coretcl 2-1520] The results of Report Methodology are in file Y:/fpga/vivado_examples/sam3u_feedthrough/sam3u_feedthrough.runs/impl_1/cw305_top_methodology_drc_routed.rpt.
report_methodology completed successfully
INFO: [runtcl-4] Executing : report_power -file cw305_top_power_routed.rpt -pb cw305_top_power_summary_routed.pb -rpx cw305_top_power_routed.rpx
Command: report_power -file cw305_top_power_routed.rpt -pb cw305_top_power_summary_routed.pb -rpx cw305_top_power_routed.rpx
INFO: [Timing 38-35] Done setting XDC timing constraints.
Running Vector-less Activity Propagation...

Finished Running Vector-less Activity Propagation
105 Infos, 1 Warnings, 0 Critical Warnings and 0 Errors encountered.
report_power completed successfully
INFO: [runtcl-4] Executing : report_route_status -file cw305_top_route_status.rpt -pb cw305_top_route_status.pb
INFO: [runtcl-4] Executing : report_timing_summary -max_paths 10 -file cw305_top_timing_summary_routed.rpt -pb cw305_top_timing_summary_routed.pb -rpx cw305_top_timing_summary_routed.rpx -warn_on_violation 
INFO: [Timing 38-91] UpdateTimingParams: Speed grade: -2, Delay Type: min_max.
INFO: [Timing 38-191] Multithreading enabled for timing update using a maximum of 2 CPUs
WARNING: [Timing 38-436] There are set_bus_skew constraint(s) in this design. Please run report_bus_skew to ensure that bus skew requirements are met.
INFO: [runtcl-4] Executing : report_incremental_reuse -file cw305_top_incremental_reuse_routed.rpt
INFO: [Vivado_Tcl 4-1062] Incremental flow is disabled. No incremental reuse Info to report.
INFO: [runtcl-4] Executing : report_clock_utilization -file cw305_top_clock_utilization_routed.rpt
INFO: [runtcl-4] Executing : report_bus_skew -warn_on_violation -file cw305_top_bus_skew_routed.rpt -pb cw305_top_bus_skew_routed.pb -rpx cw305_top_bus_skew_routed.rpx
INFO: [Timing 38-91] UpdateTimingParams: Speed grade: -2, Delay Type: min_max.
INFO: [Timing 38-191] Multithreading enabled for timing update using a maximum of 2 CPUs
Command: write_bitstream -force cw305_top.bit
Attempting to get a license for feature 'Implementation' and/or device 'xc7a100t'
INFO: [Common 17-349] Got license for feature 'Implementation' and/or device 'xc7a100t'
Running DRC as a precondition to command write_bitstream
INFO: [IP_Flow 19-1839] IP Catalog is up to date.
INFO: [DRC 23-27] Running DRC with 2 threads
WARNING: [DRC RTSTAT-10] No routable loads: 25 net(s) have no routable loads. The problem bus(es) and/or net(s) are dbg_hub/inst/BSCANID.u_xsdbm_id/CORE_XSDB.UUT_MASTER/U_ICON_INTERFACE/U_CMD6_RD/U_RD_FIFO/SUBCORE_FIFO.xsdbm_v3_0_0_rdfifo_inst/inst_fifo_gen/gconvfifo.rf/grf.rf/gntv_or_sync_fifo.gl0.rd/gr1.gr1_int.rfwft/aempty_fwft_i, dbg_hub/inst/BSCANID.u_xsdbm_id/CORE_XSDB.UUT_MASTER/U_ICON_INTERFACE/U_CMD7_CTL/ctl_reg[2:0], dbg_hub/inst/BSCANID.u_xsdbm_id/CORE_XSDB.UUT_MASTER/U_ICON_INTERFACE/U_CMD1/ctl_reg_en_2[1], dbg_hub/inst/BSCANID.u_xsdbm_id/CORE_XSDB.UUT_MASTER/U_ICON_INTERFACE/U_CMD7_CTL/ctl_reg_en_2[1], dbg_hub/inst/BSCANID.u_xsdbm_id/SWITCH_N_EXT_BSCAN.bscan_switch/m_bscan_capture[0], dbg_hub/inst/BSCANID.u_xsdbm_id/SWITCH_N_EXT_BSCAN.bscan_switch/m_bscan_drck[0], dbg_hub/inst/BSCANID.u_xsdbm_id/SWITCH_N_EXT_BSCAN.bscan_switch/m_bscan_runtest[0], dbg_hub/inst/BSCANID.u_xsdbm_id/CORE_XSDB.UUT_MASTER/U_ICON_INTERFACE/U_CMD6_WR/U_WR_FIFO/SUBCORE_FIFO.xsdbm_v3_0_0_wrfifo_inst/inst_fifo_gen/gconvfifo.rf/grf.rf/gntv_or_sync_fifo.gl0.wr/gwhf.whf/overflow, dbg_hub/inst/BSCANID.u_xsdbm_id/CORE_XSDB.UUT_MASTER/U_ICON_INTERFACE/U_CMD6_RD/U_RD_FIFO/SUBCORE_FIFO.xsdbm_v3_0_0_rdfifo_inst/inst_fifo_gen/gconvfifo.rf/grf.rf/gntv_or_sync_fifo.gl0.wr/gwhf.whf/overflow, dbg_hub/inst/BSCANID.u_xsdbm_id/CORE_XSDB.UUT_MASTER/U_ICON_INTERFACE/U_CMD6_RD/U_RD_FIFO/SUBCORE_FIFO.xsdbm_v3_0_0_rdfifo_inst/inst_fifo_gen/gconvfifo.rf/grf.rf/gntv_or_sync_fifo.gl0.rd/gras.rsts/ram_empty_i, dbg_hub/inst/BSCANID.u_xsdbm_id/CORE_XSDB.UUT_MASTER/U_ICON_INTERFACE/U_CMD6_WR/U_WR_FIFO/SUBCORE_FIFO.xsdbm_v3_0_0_wrfifo_inst/inst_fifo_gen/gconvfifo.rf/grf.rf/gntv_or_sync_fifo.gl0.wr/gwas.wsts/ram_full_i, dbg_hub/inst/BSCANID.u_xsdbm_id/CORE_XSDB.UUT_MASTER/U_ICON_INTERFACE/U_CMD6_WR/U_WR_FIFO/SUBCORE_FIFO.xsdbm_v3_0_0_wrfifo_inst/inst_fifo_gen/gconvfifo.rf/grf.rf/rstblk/rd_rst_reg[0], dbg_hub/inst/BSCANID.u_xsdbm_id/SWITCH_N_EXT_BSCAN.bscan_inst/s_bscan_tms, U_ila/inst/ila_core_inst/u_ila_regs/U_XSDB_SLAVE/s_daddr_o[13], U_ila/inst/ila_core_inst/u_ila_regs/U_XSDB_SLAVE/s_daddr_o[14]... and (the first 15 of 23 listed).
INFO: [Vivado 12-3199] DRC finished with 0 Errors, 1 Warnings
INFO: [Vivado 12-3200] Please refer to the DRC report (report_drc) for more information.
INFO: [Designutils 20-2272] Running write_bitstream with 2 threads.
Loading data files...
Loading site data...
Loading route data...
Processing options...
Creating bitmap...
Creating bitstream...
Writing bitstream ./cw305_top.bit...
INFO: [Vivado 12-1842] Bitgen Completed Successfully.
INFO: [Common 17-83] Releasing license: Implementation
123 Infos, 3 Warnings, 0 Critical Warnings and 0 Errors encountered.
write_bitstream completed successfully
write_bitstream: Time (s): cpu = 00:00:20 ; elapsed = 00:00:16 . Memory (MB): peak = 2168.316 ; gain = 436.828
INFO: [Common 17-206] Exiting Vivado at Fri Dec  4 14:57:30 2020...
